<?xml version="1.0" encoding="UTF-8"?>
<!-- Generated by org.testng.reporters.JUnitReportReporter -->
<testsuite hostname="MahmudaLaptop" failures="0" tests="2" name="testPages.HomePageTest" time="9.679" errors="0" timestamp="2023-01-02T09:14:32 EST" skipped="1">
  <testcase classname="testPages.HomePageTest" name="clickSearchButton" time="9.679"/>
  <system-out/>
  <testcase classname="testPages.HomePageTest" name="logo">
    <skipped/>
  </testcase> <!-- logo -->
  <system-out/>
</testsuite> <!-- testPages.HomePageTest -->
